<?xml version="1.0" encoding="UTF-8"?>
<robot generated="20170317 13:50:20.409" generator="Robot 3.0.2 (Python 2.7.13 on win32)">
<suite source="C:\Python_tests\Selenium_tests\Udemy\RobotFramework\Selenium_test\tests\LoginTests.robot" id="s1" name="LoginTests">
<test id="s1-t1" name="Login test 1">
<kw name="Open Webpage">
<kw name="Open Browser" library="Selenium2Library">
<doc>Opens a new browser instance to given URL.</doc>
<arguments>
<arg>about:blank</arg>
<arg>${Browser}</arg>
</arguments>
<msg timestamp="20170317 13:50:20.669" level="INFO">Opening browser 'chrome' to base url 'about:blank'</msg>
<status status="PASS" endtime="20170317 13:50:27.203" starttime="20170317 13:50:20.668"></status>
</kw>
<kw name="Maximize Browser Window" library="Selenium2Library">
<doc>Maximizes current browser window.</doc>
<status status="PASS" endtime="20170317 13:50:28.806" starttime="20170317 13:50:27.203"></status>
</kw>
<kw name="Go To" library="Selenium2Library">
<doc>Navigates the active browser instance to the provided URL.</doc>
<arguments>
<arg>https://letskodeit.teachable.com</arg>
</arguments>
<msg timestamp="20170317 13:50:28.807" level="INFO">Opening url 'https://letskodeit.teachable.com'</msg>
<status status="PASS" endtime="20170317 13:50:31.130" starttime="20170317 13:50:28.807"></status>
</kw>
<kw name="Wait Until Element Is Visible" library="Selenium2Library">
<doc>Waits until element specified with `locator` is visible.</doc>
<arguments>
<arg>partial link=Login</arg>
<arg>timeout=10</arg>
</arguments>
<kw name="Capture Page Screenshot" library="Selenium2Library">
<doc>Takes a screenshot of the current page and embeds it into the log.</doc>
<msg timestamp="20170317 13:50:31.165" level="FAIL">NoSuchWindowException: Message: no such window: target window already closed
from unknown error: web view not found
  (Session info: chrome=57.0.2987.110)
  (Driver info: chromedriver=2.28.455520 (cc17746adff54984afff480136733114c6b3704b),platform=Windows NT 6.3.9600 x86_64)
</msg>
<status status="FAIL" endtime="20170317 13:50:31.165" starttime="20170317 13:50:31.132"></status>
</kw>
<msg timestamp="20170317 13:50:31.165" level="WARN">Keyword 'Capture Page Screenshot' could not be run on failure: NoSuchWindowException: Message: no such window: target window already closed
from unknown error: web view not found
  (Session info: chrome=57.0.2987.110)
  (Driver info: chromedriver=2.28.455520 (cc17746adff54984afff480136733114c6b3704b),platform=Windows NT 6.3.9600 x86_64)
</msg>
<msg timestamp="20170317 13:50:31.220" level="FAIL">NoSuchWindowException: Message: no such window: target window already closed
from unknown error: web view not found
  (Session info: chrome=57.0.2987.110)
  (Driver info: chromedriver=2.28.455520 (cc17746adff54984afff480136733114c6b3704b),platform=Windows NT 6.3.9600 x86_64)
</msg>
<status status="FAIL" endtime="20170317 13:50:31.221" starttime="20170317 13:50:31.130"></status>
</kw>
<status status="FAIL" endtime="20170317 13:50:31.221" starttime="20170317 13:50:20.668"></status>
</kw>
<doc>Valid login</doc>
<tags>
<tag>DEBUG</tag>
</tags>
<status status="FAIL" endtime="20170317 13:50:31.222" critical="yes" starttime="20170317 13:50:20.667">NoSuchWindowException: Message: no such window: target window already closed
from unknown error: web view not found
  (Session info: chrome=57.0.2987.110)
  (Driver info: chromedriver=2.28.455520 (cc17746adff54984afff480136733114c6b3704b),platform=Windows NT 6.3.9600 x86_64)
</status>
</test>
<doc>Login tests</doc>
<status status="FAIL" endtime="20170317 13:50:31.225" starttime="20170317 13:50:20.416"></status>
</suite>
<statistics>
<total>
<stat fail="1" pass="0">Critical Tests</stat>
<stat fail="1" pass="0">All Tests</stat>
</total>
<tag>
<stat fail="1" pass="0">DEBUG</stat>
</tag>
<suite>
<stat fail="1" id="s1" name="LoginTests" pass="0">LoginTests</stat>
</suite>
</statistics>
<errors>
<msg timestamp="20170317 13:50:31.165" level="WARN">Keyword 'Capture Page Screenshot' could not be run on failure: NoSuchWindowException: Message: no such window: target window already closed
from unknown error: web view not found
  (Session info: chrome=57.0.2987.110)
  (Driver info: chromedriver=2.28.455520 (cc17746adff54984afff480136733114c6b3704b),platform=Windows NT 6.3.9600 x86_64)
</msg>
</errors>
</robot>
